TN:
SF:js\config.js
FNF:0
FNH:0
DA:4,0
LF:1
LH:0
BRF:0
BRH:0
end_of_record
TN:
SF:js\api\local.js
FN:21,(anonymous_0)
FN:34,readFileAsText
FN:35,(anonymous_2)
FN:37,(anonymous_3)
FN:38,(anonymous_4)
FN:48,loadLocalCSV
FN:91,parseStoredCSV
FN:115,encodeCSVForStorage
FN:124,decodeCSVFromStorage
FN:133,getCSVText
FNF:10
FNH:4
FNDA:2,(anonymous_0)
FNDA:0,readFileAsText
FNDA:0,(anonymous_2)
FNDA:0,(anonymous_3)
FNDA:0,(anonymous_4)
FNDA:0,loadLocalCSV
FNDA:5,parseStoredCSV
FNDA:5,encodeCSVForStorage
FNDA:4,decodeCSVFromStorage
FNDA:0,getCSVText
DA:22,2
DA:23,2
DA:24,2
DA:25,2
DA:35,0
DA:36,0
DA:37,0
DA:38,0
DA:39,0
DA:50,0
DA:51,0
DA:55,0
DA:56,0
DA:58,0
DA:62,0
DA:63,0
DA:65,0
DA:68,0
DA:69,0
DA:73,0
DA:74,0
DA:76,0
DA:92,5
DA:94,5
DA:95,2
DA:98,3
DA:99,3
DA:101,3
DA:116,5
DA:125,4
DA:134,0
LF:31
LH:12
BRDA:50,0,0,0
BRDA:50,0,1,0
BRDA:50,1,0,0
BRDA:50,1,1,0
BRDA:68,2,0,0
BRDA:68,2,1,0
BRDA:94,3,0,2
BRDA:94,3,1,3
BRF:8
BRH:2
end_of_record
TN:
SF:js\api\overfast.js
FN:198,normalizeHeroName
FN:218,getAssetsBasePath
FN:230,initOverFastData
FN:293,getHero
FN:310,getRole
FN:319,getAllHeroes
FN:327,getAllRoles
FN:328,(anonymous_7)
FN:335,isLoaded
FN:343,getError
FN:354,parseHeroesString
FN:360,(anonymous_11)
FN:367,(anonymous_12)
FNF:13
FNH:0
FNDA:0,normalizeHeroName
FNDA:0,getAssetsBasePath
FNDA:0,initOverFastData
FNDA:0,getHero
FNDA:0,getRole
FNDA:0,getAllHeroes
FNDA:0,getAllRoles
FNDA:0,(anonymous_7)
FNDA:0,isLoaded
FNDA:0,getError
FNDA:0,parseHeroesString
FNDA:0,(anonymous_11)
FNDA:0,(anonymous_12)
DA:27,0
DA:125,0
DA:128,0
DA:131,0
DA:134,0
DA:139,0
DA:149,0
DA:199,0
DA:201,0
DA:221,0
DA:222,0
DA:231,0
DA:232,0
DA:235,0
DA:238,0
DA:239,0
DA:244,0
DA:247,0
DA:248,0
DA:249,0
DA:253,0
DA:254,0
DA:255,0
DA:256,0
DA:257,0
DA:262,0
DA:263,0
DA:267,0
DA:270,0
DA:274,0
DA:275,0
DA:276,0
DA:277,0
DA:278,0
DA:282,0
DA:283,0
DA:285,0
DA:294,0
DA:297,0
DA:298,0
DA:301,0
DA:302,0
DA:311,0
DA:312,0
DA:320,0
DA:328,0
DA:336,0
DA:344,0
DA:355,0
DA:356,0
DA:360,0
DA:364,0
DA:365,0
DA:367,0
DA:368,0
DA:370,0
DA:374,0
DA:375,0
DA:377,0
DA:378,0
DA:379,0
DA:380,0
DA:381,0
DA:385,0
LF:64
LH:0
BRDA:199,0,0,0
BRDA:199,0,1,0
BRDA:199,1,0,0
BRDA:199,1,1,0
BRDA:221,2,0,0
BRDA:221,2,1,0
BRDA:231,3,0,0
BRDA:231,3,1,0
BRDA:255,4,0,0
BRDA:255,4,1,0
BRDA:276,5,0,0
BRDA:276,5,1,0
BRDA:294,6,0,0
BRDA:294,6,1,0
BRDA:294,7,0,0
BRDA:294,7,1,0
BRDA:298,8,0,0
BRDA:298,8,1,0
BRDA:302,9,0,0
BRDA:302,9,1,0
BRDA:311,10,0,0
BRDA:311,10,1,0
BRDA:311,11,0,0
BRDA:311,11,1,0
BRDA:312,12,0,0
BRDA:312,12,1,0
BRDA:355,13,0,0
BRDA:355,13,1,0
BRDA:355,14,0,0
BRDA:355,14,1,0
BRDA:364,15,0,0
BRDA:364,15,1,0
BRDA:364,16,0,0
BRDA:364,16,1,0
BRDA:368,17,0,0
BRDA:368,17,1,0
BRDA:379,18,0,0
BRDA:379,18,1,0
BRDA:379,19,0,0
BRDA:379,19,1,0
BRF:40
BRH:0
end_of_record
TN:
SF:js\api\sheets.js
FN:28,(anonymous_0)
FN:43,fetchSheet
FN:125,fetchMultiple
FN:127,(anonymous_3)
FNF:4
FNH:0
FNDA:0,(anonymous_0)
FNDA:0,fetchSheet
FNDA:0,fetchMultiple
FNDA:0,(anonymous_3)
DA:29,0
DA:30,0
DA:31,0
DA:32,0
DA:33,0
DA:45,0
DA:47,0
DA:48,0
DA:52,0
DA:53,0
DA:61,0
DA:62,0
DA:65,0
DA:66,0
DA:67,0
DA:70,0
DA:71,0
DA:72,0
DA:73,0
DA:76,0
DA:80,0
DA:81,0
DA:83,0
DA:86,0
DA:87,0
DA:91,0
DA:92,0
DA:96,0
DA:97,0
DA:99,0
DA:100,0
DA:103,0
DA:104,0
DA:108,0
DA:109,0
DA:111,0
DA:126,0
DA:127,0
LF:38
LH:0
BRDA:47,0,0,0
BRDA:47,0,1,0
BRDA:65,1,0,0
BRDA:65,1,1,0
BRDA:70,2,0,0
BRDA:70,2,1,0
BRDA:72,3,0,0
BRDA:72,3,1,0
BRDA:86,4,0,0
BRDA:86,4,1,0
BRDA:91,5,0,0
BRDA:91,5,1,0
BRDA:91,6,0,0
BRDA:91,6,1,0
BRDA:103,7,0,0
BRDA:103,7,1,0
BRF:16
BRH:0
end_of_record
TN:
SF:js\state\store.js
FN:133,notify
FN:134,(anonymous_1)
FN:147,getState
FN:156,subscribe
FN:158,(anonymous_4)
FN:164,initializeState
FN:184,addSheet
FN:200,removeSheet
FN:202,(anonymous_8)
FN:217,replaceSheet
FN:236,normalizeRole
FN:251,findColumnIndex
FN:252,(anonymous_12)
FN:261,parsePlayersFromSheet
FN:322,detectColumnMapping
FN:334,(anonymous_15)
FN:350,validateRatingColumn
FN:381,validateRequiredColumns
FN:430,getColumnMapping
FN:439,setColumnMapping
FN:452,getColumnIndexFromMapping
FN:465,parsePlayersFromSheetWithMapping
FN:523,updateSheetData
FN:550,setLoading
FN:561,setError
FN:572,clearError
FN:582,setPollingInterval
FN:592,setTheme
FN:602,hasConfiguredSheets
FN:610,getFirstSheet
FN:619,isLocalSheet
FN:628,getLocalCSVData
FN:637,setLocalCSVData
FN:645,deleteLocalCSVData
FN:655,getSheetData
FN:663,setTeamsSheet
FN:676,getTeamsSheet
FN:684,updateTeamsData
FN:693,getTeamsData
FN:701,hasTeamsSheet
FN:709,setActiveTab
FN:718,getActiveTab
FN:726,getParsedPlayers
FN:735,getPlayerByNickname
FN:743,setSelectedTeam
FN:753,getSelectedTeam
FN:761,setSelectedPlayer
FN:770,getSelectedPlayer
FN:779,getAssignedPlayerNicknames
FN:794,getUnselectedPlayersByRole
FN:824,(anonymous_50)
FN:825,(anonymous_51)
FN:826,(anonymous_52)
FN:835,setOverfastLoading
FN:844,setOverfastLoaded
FN:854,isOverfastLoaded
FN:862,isOverfastLoading
FN:874,getFilters
FN:882,setFilterAvailableOnly
FN:891,setFilterRole
FN:899,toggleFilterAvailableOnly
FN:908,toggleFilterRole
FN:919,resetFilters
FN:929,getFilteredPlayers
FNF:64
FNH:50
FNDA:84,notify
FNDA:1,(anonymous_1)
FNDA:8,getState
FNDA:2,subscribe
FNDA:2,(anonymous_4)
FNDA:37,initializeState
FNDA:4,addSheet
FNDA:1,removeSheet
FNDA:1,(anonymous_8)
FNDA:1,replaceSheet
FNDA:36,normalizeRole
FNDA:11,findColumnIndex
FNDA:44,(anonymous_12)
FNDA:0,parsePlayersFromSheet
FNDA:17,detectColumnMapping
FNDA:165,(anonymous_15)
FNDA:2,validateRatingColumn
FNDA:3,validateRequiredColumns
FNDA:11,getColumnMapping
FNDA:0,setColumnMapping
FNDA:44,getColumnIndexFromMapping
FNDA:11,parsePlayersFromSheetWithMapping
FNDA:11,updateSheetData
FNDA:4,setLoading
FNDA:1,setError
FNDA:1,clearError
FNDA:1,setPollingInterval
FNDA:1,setTheme
FNDA:2,hasConfiguredSheets
FNDA:1,getFirstSheet
FNDA:3,isLocalSheet
FNDA:0,getLocalCSVData
FNDA:0,setLocalCSVData
FNDA:0,deleteLocalCSVData
FNDA:1,getSheetData
FNDA:1,setTeamsSheet
FNDA:1,getTeamsSheet
FNDA:1,updateTeamsData
FNDA:1,getTeamsData
FNDA:1,hasTeamsSheet
FNDA:2,setActiveTab
FNDA:2,getActiveTab
FNDA:1,getParsedPlayers
FNDA:2,getPlayerByNickname
FNDA:2,setSelectedTeam
FNDA:1,getSelectedTeam
FNDA:3,setSelectedPlayer
FNDA:3,getSelectedPlayer
FNDA:3,getAssignedPlayerNicknames
FNDA:0,getUnselectedPlayersByRole
FNDA:0,(anonymous_50)
FNDA:0,(anonymous_51)
FNDA:0,(anonymous_52)
FNDA:0,setOverfastLoading
FNDA:0,setOverfastLoaded
FNDA:0,isOverfastLoaded
FNDA:0,isOverfastLoading
FNDA:7,getFilters
FNDA:4,setFilterAvailableOnly
FNDA:4,setFilterRole
FNDA:0,toggleFilterAvailableOnly
FNDA:3,toggleFilterRole
FNDA:9,resetFilters
FNDA:3,getFilteredPlayers
DA:77,1
DA:100,1
DA:109,1
DA:112,1
DA:120,1
DA:127,1
DA:134,84
DA:135,1
DA:136,1
DA:138,0
DA:148,8
DA:157,2
DA:158,2
DA:165,37
DA:166,37
DA:167,37
DA:169,37
DA:177,37
DA:185,4
DA:190,4
DA:191,4
DA:192,4
DA:201,1
DA:202,1
DA:205,1
DA:206,1
DA:207,1
DA:209,1
DA:210,1
DA:218,1
DA:223,1
DA:224,1
DA:225,1
DA:227,1
DA:228,1
DA:237,36
DA:238,36
DA:239,36
DA:240,17
DA:241,8
DA:242,0
DA:252,44
DA:262,0
DA:264,0
DA:265,0
DA:266,0
DA:267,0
DA:268,0
DA:270,0
DA:271,0
DA:272,0
DA:275,0
DA:276,0
DA:277,0
DA:280,0
DA:282,0
DA:283,0
DA:285,0
DA:286,0
DA:288,0
DA:290,0
DA:300,0
DA:301,0
DA:305,0
DA:306,0
DA:310,0
DA:324,17
DA:331,17
DA:332,68
DA:333,68
DA:334,165
DA:335,68
DA:336,62
DA:341,17
DA:351,2
DA:353,2
DA:354,2
DA:356,2
DA:357,3
DA:358,3
DA:360,3
DA:361,3
DA:362,3
DA:363,1
DA:368,2
DA:371,2
DA:382,3
DA:383,3
DA:386,3
DA:388,3
DA:391,3
DA:392,12
DA:394,12
DA:395,2
DA:396,2
DA:400,10
DA:401,10
DA:402,0
DA:403,0
DA:407,10
DA:408,2
DA:409,1
DA:417,3
DA:431,11
DA:440,0
DA:441,0
DA:442,0
DA:453,44
DA:454,44
DA:455,44
DA:466,11
DA:467,11
DA:469,11
DA:470,11
DA:471,11
DA:472,11
DA:473,11
DA:475,11
DA:476,0
DA:477,0
DA:480,11
DA:481,36
DA:482,36
DA:485,36
DA:487,36
DA:488,36
DA:490,36
DA:491,36
DA:493,36
DA:495,36
DA:505,36
DA:506,36
DA:510,36
DA:511,0
DA:515,11
DA:524,11
DA:525,11
DA:528,11
DA:532,11
DA:533,11
DA:536,11
DA:539,11
DA:541,11
DA:542,4
DA:551,4
DA:552,4
DA:562,1
DA:563,1
DA:564,1
DA:573,1
DA:574,1
DA:575,1
DA:583,1
DA:584,1
DA:585,1
DA:593,1
DA:594,1
DA:595,1
DA:603,2
DA:611,1
DA:620,3
DA:629,0
DA:638,0
DA:646,0
DA:656,1
DA:664,1
DA:668,1
DA:669,1
DA:677,1
DA:685,1
DA:686,1
DA:694,1
DA:702,1
DA:710,2
DA:711,2
DA:719,2
DA:727,1
DA:736,2
DA:744,2
DA:745,2
DA:746,2
DA:754,1
DA:762,3
DA:763,3
DA:771,3
DA:780,3
DA:781,3
DA:782,2
DA:783,2
DA:786,3
DA:795,0
DA:797,0
DA:805,0
DA:807,0
DA:809,0
DA:810,0
DA:814,0
DA:817,0
DA:818,0
DA:819,0
DA:824,0
DA:825,0
DA:826,0
DA:828,0
DA:836,0
DA:837,0
DA:845,0
DA:846,0
DA:847,0
DA:855,0
DA:863,0
DA:875,7
DA:883,4
DA:884,4
DA:892,4
DA:893,4
DA:900,0
DA:901,0
DA:909,3
DA:913,3
DA:920,9
DA:921,9
DA:930,3
DA:931,3
DA:932,3
DA:933,3
DA:935,3
DA:936,12
DA:939,12
DA:942,12
DA:944,8
DA:946,8
DA:950,10
DA:952,6
DA:953,6
DA:956,3
LF:236
LH:176
BRDA:202,0,0,1
BRDA:202,0,1,1
BRDA:237,1,0,0
BRDA:237,1,1,36
BRDA:237,2,0,36
BRDA:237,2,1,36
BRDA:239,3,0,19
BRDA:239,3,1,17
BRDA:240,4,0,9
BRDA:240,4,1,8
BRDA:241,5,0,8
BRDA:241,5,1,0
BRDA:270,6,0,0
BRDA:270,6,1,0
BRDA:270,7,0,0
BRDA:270,7,1,0
BRDA:276,8,0,0
BRDA:276,8,1,0
BRDA:277,9,0,0
BRDA:277,9,1,0
BRDA:280,10,0,0
BRDA:280,10,1,0
BRDA:280,11,0,0
BRDA:280,11,1,0
BRDA:282,12,0,0
BRDA:282,12,1,0
BRDA:283,13,0,0
BRDA:283,13,1,0
BRDA:285,14,0,0
BRDA:285,14,1,0
BRDA:286,15,0,0
BRDA:286,15,1,0
BRDA:288,16,0,0
BRDA:288,16,1,0
BRDA:288,17,0,0
BRDA:288,17,1,0
BRDA:291,18,0,0
BRDA:291,18,1,0
BRDA:300,19,0,0
BRDA:300,19,1,0
BRDA:305,20,0,0
BRDA:305,20,1,0
BRDA:305,21,0,0
BRDA:305,21,1,0
BRDA:333,22,0,68
BRDA:333,22,1,0
BRDA:335,23,0,62
BRDA:335,23,1,6
BRDA:351,24,0,0
BRDA:351,24,1,2
BRDA:358,25,0,0
BRDA:358,25,1,3
BRDA:362,26,0,1
BRDA:362,26,1,2
BRDA:368,27,0,0
BRDA:368,27,1,2
BRDA:383,28,0,3
BRDA:383,28,1,3
BRDA:394,29,0,2
BRDA:394,29,1,10
BRDA:401,30,0,0
BRDA:401,30,1,10
BRDA:407,31,0,2
BRDA:407,31,1,8
BRDA:408,32,0,1
BRDA:408,32,1,1
BRDA:418,33,0,3
BRDA:418,33,1,2
BRDA:431,34,0,11
BRDA:431,34,1,11
BRDA:454,35,0,0
BRDA:454,35,1,44
BRDA:467,36,0,11
BRDA:467,36,1,0
BRDA:475,37,0,0
BRDA:475,37,1,11
BRDA:475,38,0,11
BRDA:475,38,1,0
BRDA:481,39,0,36
BRDA:481,39,1,0
BRDA:482,40,0,0
BRDA:482,40,1,36
BRDA:485,41,0,0
BRDA:485,41,1,36
BRDA:485,42,0,36
BRDA:485,42,1,0
BRDA:487,43,0,36
BRDA:487,43,1,0
BRDA:488,44,0,36
BRDA:488,44,1,0
BRDA:490,45,0,36
BRDA:490,45,1,0
BRDA:491,46,0,36
BRDA:491,46,1,0
BRDA:493,47,0,36
BRDA:493,47,1,0
BRDA:493,48,0,36
BRDA:493,48,1,0
BRDA:496,49,0,36
BRDA:496,49,1,0
BRDA:505,50,0,36
BRDA:505,50,1,0
BRDA:510,51,0,0
BRDA:510,51,1,36
BRDA:510,52,0,36
BRDA:510,52,1,0
BRDA:528,53,0,11
BRDA:528,53,1,9
BRDA:528,53,2,7
BRDA:536,54,0,11
BRDA:536,54,1,11
BRDA:536,54,2,11
BRDA:541,55,0,4
BRDA:541,55,1,7
BRDA:810,56,0,0
BRDA:810,56,1,0
BRDA:814,57,0,0
BRDA:814,57,1,0
BRDA:814,57,2,0
BRDA:817,58,0,0
BRDA:817,58,1,0
BRDA:911,59,0,1
BRDA:911,59,1,2
BRDA:939,60,0,0
BRDA:939,60,1,12
BRDA:942,61,0,8
BRDA:942,61,1,4
BRDA:944,62,0,8
BRDA:944,62,1,6
BRDA:944,62,2,0
BRDA:946,63,0,2
BRDA:946,63,1,6
BRDA:950,64,0,4
BRDA:950,64,1,6
BRDA:950,65,0,10
BRDA:950,65,1,7
BRF:136
BRH:70
end_of_record
TN:
SF:js\storage\persistence.js
FN:74,getDefaultSettings
FN:86,getDefaultSheets
FN:100,safeLoad
FN:119,safeSave
FN:131,loadConfiguredSheets
FN:140,saveConfiguredSheets
FN:151,loadSettings
FN:159,saveSettings
FN:172,loadTeamsSheet
FN:173,(anonymous_9)
FN:181,saveTeamsSheet
FN:193,getDefaultColumnMappings
FN:205,loadColumnMapping
FN:215,saveColumnMapping
FN:226,removeColumnMapping
FN:236,getDefaultTeamsLayout
FN:247,getDefaultTeamsLayoutConfig
FN:265,loadTeamsLayoutConfig
FN:275,saveTeamsLayoutConfig
FN:286,removeTeamsLayoutConfig
FN:302,getDefaultLocalCSV
FN:314,saveLocalCSVData
FN:326,loadLocalCSVData
FN:335,removeLocalCSVData
FN:344,clearAll
FNF:25
FNH:25
FNDA:3,getDefaultSettings
FNDA:2,getDefaultSheets
FNDA:34,safeLoad
FNDA:20,safeSave
FNDA:4,loadConfiguredSheets
FNDA:3,saveConfiguredSheets
FNDA:4,loadSettings
FNDA:2,saveSettings
FNDA:2,loadTeamsSheet
FNDA:1,(anonymous_9)
FNDA:3,saveTeamsSheet
FNDA:3,getDefaultColumnMappings
FNDA:3,loadColumnMapping
FNDA:2,saveColumnMapping
FNDA:1,removeColumnMapping
FNDA:3,getDefaultTeamsLayout
FNDA:1,getDefaultTeamsLayoutConfig
FNDA:3,loadTeamsLayoutConfig
FNDA:2,saveTeamsLayoutConfig
FNDA:1,removeTeamsLayoutConfig
FNDA:6,getDefaultLocalCSV
FNDA:6,saveLocalCSVData
FNDA:5,loadLocalCSVData
FNDA:1,removeLocalCSVData
FNDA:1,clearAll
DA:5,1
DA:14,1
DA:75,3
DA:87,2
DA:101,34
DA:102,34
DA:103,34
DA:105,17
DA:106,17
DA:108,16
DA:110,1
DA:120,20
DA:121,20
DA:123,1
DA:132,4
DA:133,4
DA:141,3
DA:152,4
DA:160,2
DA:161,2
DA:173,2
DA:174,2
DA:182,3
DA:183,2
DA:185,1
DA:194,3
DA:206,3
DA:207,3
DA:216,2
DA:217,2
DA:218,2
DA:219,2
DA:227,1
DA:228,1
DA:229,1
DA:237,3
DA:248,1
DA:266,3
DA:267,3
DA:276,2
DA:277,2
DA:278,2
DA:279,2
DA:287,1
DA:288,1
DA:289,1
DA:303,6
DA:315,6
DA:316,6
DA:317,6
DA:318,6
DA:327,5
DA:328,5
DA:336,1
DA:337,1
DA:338,1
DA:345,1
DA:346,1
DA:347,1
DA:348,1
DA:349,1
DA:350,1
LF:62
LH:62
BRDA:103,0,0,17
BRDA:103,0,1,17
BRDA:106,1,0,0
BRDA:106,1,1,17
BRDA:106,2,0,17
BRDA:106,2,1,16
BRDA:133,3,0,4
BRDA:133,3,1,0
BRDA:182,4,0,2
BRDA:182,4,1,1
BRDA:207,5,0,3
BRDA:207,5,1,2
BRDA:267,6,0,3
BRDA:267,6,1,2
BRDA:328,7,0,5
BRDA:328,7,1,2
BRF:16
BRH:14
end_of_record
TN:
SF:js\ui\components.js
FN:15,createElement
FN:34,(anonymous_1)
FN:48,escapeHtml
FN:59,getRoleClass
FN:72,getRatingClass
FN:92,formatRelativeTime
FN:112,createRoleIcon
FN:139,createHeroIcon
FN:164,createHeroIconsContainer
FN:209,createRankBadge
FNF:10
FNH:0
FNDA:0,createElement
FNDA:0,(anonymous_1)
FNDA:0,escapeHtml
FNDA:0,getRoleClass
FNDA:0,getRatingClass
FNDA:0,formatRelativeTime
FNDA:0,createRoleIcon
FNDA:0,createHeroIcon
FNDA:0,createHeroIconsContainer
FNDA:0,createRankBadge
DA:16,0
DA:18,0
DA:19,0
DA:20,0
DA:21,0
DA:22,0
DA:23,0
DA:24,0
DA:26,0
DA:30,0
DA:31,0
DA:32,0
DA:33,0
DA:34,0
DA:36,0
DA:40,0
DA:49,0
DA:50,0
DA:51,0
DA:60,0
DA:61,0
DA:62,0
DA:63,0
DA:64,0
DA:73,0
DA:74,0
DA:77,0
DA:78,0
DA:79,0
DA:80,0
DA:81,0
DA:82,0
DA:83,0
DA:84,0
DA:93,0
DA:95,0
DA:96,0
DA:98,0
DA:99,0
DA:101,0
DA:102,0
DA:113,0
DA:114,0
DA:115,0
DA:117,0
DA:118,0
DA:124,0
DA:128,0
DA:129,0
DA:140,0
DA:141,0
DA:143,0
DA:144,0
DA:150,0
DA:153,0
DA:165,0
DA:166,0
DA:168,0
DA:170,0
DA:171,0
DA:174,0
DA:175,0
DA:176,0
DA:178,0
DA:179,0
DA:185,0
DA:188,0
DA:189,0
DA:190,0
DA:194,0
DA:195,0
DA:198,0
DA:210,0
DA:211,0
DA:214,0
DA:215,0
DA:219,0
DA:220,0
DA:226,0
DA:229,0
DA:230,0
DA:233,0
DA:236,0
LF:83
LH:0
BRDA:15,0,0,0
BRDA:15,1,0,0
BRDA:19,2,0,0
BRDA:19,2,1,0
BRDA:21,3,0,0
BRDA:21,3,1,0
BRDA:23,4,0,0
BRDA:23,4,1,0
BRDA:23,5,0,0
BRDA:23,5,1,0
BRDA:30,6,0,0
BRDA:30,6,1,0
BRDA:31,7,0,0
BRDA:31,7,1,0
BRDA:33,8,0,0
BRDA:33,8,1,0
BRDA:61,9,0,0
BRDA:61,9,1,0
BRDA:62,10,0,0
BRDA:62,10,1,0
BRDA:62,11,0,0
BRDA:62,11,1,0
BRDA:63,12,0,0
BRDA:63,12,1,0
BRDA:63,13,0,0
BRDA:63,13,1,0
BRDA:74,14,0,0
BRDA:74,14,1,0
BRDA:77,15,0,0
BRDA:77,15,1,0
BRDA:78,16,0,0
BRDA:78,16,1,0
BRDA:79,17,0,0
BRDA:79,17,1,0
BRDA:80,18,0,0
BRDA:80,18,1,0
BRDA:81,19,0,0
BRDA:81,19,1,0
BRDA:82,20,0,0
BRDA:82,20,1,0
BRDA:83,21,0,0
BRDA:83,21,1,0
BRDA:95,22,0,0
BRDA:95,22,1,0
BRDA:96,23,0,0
BRDA:96,23,1,0
BRDA:99,24,0,0
BRDA:99,24,1,0
BRDA:112,25,0,0
BRDA:113,26,0,0
BRDA:114,27,0,0
BRDA:114,27,1,0
BRDA:117,28,0,0
BRDA:117,28,1,0
BRDA:117,29,0,0
BRDA:117,29,1,0
BRDA:128,30,0,0
BRDA:128,30,1,0
BRDA:128,31,0,0
BRDA:128,31,1,0
BRDA:139,32,0,0
BRDA:140,33,0,0
BRDA:143,34,0,0
BRDA:143,34,1,0
BRDA:143,35,0,0
BRDA:143,35,1,0
BRDA:164,36,0,0
BRDA:165,37,0,0
BRDA:165,38,0,0
BRDA:168,39,0,0
BRDA:168,39,1,0
BRDA:168,40,0,0
BRDA:168,40,1,0
BRDA:170,41,0,0
BRDA:170,41,1,0
BRDA:188,42,0,0
BRDA:188,42,1,0
BRDA:194,43,0,0
BRDA:194,43,1,0
BRDA:194,44,0,0
BRDA:194,44,1,0
BRDA:209,45,0,0
BRDA:210,46,0,0
BRDA:210,47,0,0
BRDA:214,48,0,0
BRDA:214,48,1,0
BRDA:219,49,0,0
BRDA:219,49,1,0
BRDA:219,50,0,0
BRDA:219,50,1,0
BRDA:229,51,0,0
BRDA:229,51,1,0
BRF:92
BRH:0
end_of_record
TN:
SF:js\ui\events.js
FN:63,showModal
FN:84,buildSheetUrl
FN:91,prefillSetupModal
FN:153,updateSourceTypeUI
FN:177,resetSetupModal
FN:239,hideModal
FN:249,getUrlValidationError
FN:268,validateUrlInput
FN:294,updateConfirmButtonState
FN:316,setupSourceTypeToggle
FN:319,(anonymous_10)
FN:320,(anonymous_11)
FN:332,setupLocalFileInput
FN:340,(anonymous_13)
FN:392,(anonymous_14)
FN:438,setupUrlValidation
FN:446,(anonymous_16)
FN:454,(anonymous_17)
FN:475,showSetupError
FN:492,clearSetupError
FN:502,setupSheetForm
FN:521,(anonymous_21)
FN:692,setupSettingsModal
FN:701,(anonymous_23)
FN:719,(anonymous_24)
FN:727,(anonymous_25)
FN:730,(anonymous_26)
FN:737,(anonymous_27)
FN:743,(anonymous_28)
FN:748,(anonymous_29)
FN:755,(anonymous_30)
FN:756,(anonymous_31)
FN:764,(anonymous_32)
FN:767,(anonymous_33)
FN:767,(anonymous_34)
FN:779,setupRetryButton
FN:782,(anonymous_36)
FN:790,setupModalBackdrops
FN:792,(anonymous_38)
FN:803,setupTabs
FN:807,(anonymous_40)
FN:815,(anonymous_41)
FN:828,setupTeamPlayerClicks
FN:832,(anonymous_43)
FN:846,setupFilterButtons
FN:850,(anonymous_45)
FN:876,setupPlayerRowClicks
FN:880,(anonymous_47)
FN:905,openColumnMappingModal
FN:917,validateCurrentMappingSelection
FN:953,setupColumnMappingModal
FN:960,(anonymous_51)
FN:965,(anonymous_52)
FN:972,(anonymous_53)
FN:979,(anonymous_54)
FN:1011,openTeamsLayoutModal
FN:1023,validateAndUpdateTeamsLayout
FN:1045,setupTeamsLayoutModal
FN:1053,(anonymous_58)
FN:1059,(anonymous_59)
FN:1065,(anonymous_60)
FN:1073,(anonymous_61)
FN:1078,(anonymous_62)
FN:1099,initializeEvents
FNF:64
FNH:0
FNDA:0,showModal
FNDA:0,buildSheetUrl
FNDA:0,prefillSetupModal
FNDA:0,updateSourceTypeUI
FNDA:0,resetSetupModal
FNDA:0,hideModal
FNDA:0,getUrlValidationError
FNDA:0,validateUrlInput
FNDA:0,updateConfirmButtonState
FNDA:0,setupSourceTypeToggle
FNDA:0,(anonymous_10)
FNDA:0,(anonymous_11)
FNDA:0,setupLocalFileInput
FNDA:0,(anonymous_13)
FNDA:0,(anonymous_14)
FNDA:0,setupUrlValidation
FNDA:0,(anonymous_16)
FNDA:0,(anonymous_17)
FNDA:0,showSetupError
FNDA:0,clearSetupError
FNDA:0,setupSheetForm
FNDA:0,(anonymous_21)
FNDA:0,setupSettingsModal
FNDA:0,(anonymous_23)
FNDA:0,(anonymous_24)
FNDA:0,(anonymous_25)
FNDA:0,(anonymous_26)
FNDA:0,(anonymous_27)
FNDA:0,(anonymous_28)
FNDA:0,(anonymous_29)
FNDA:0,(anonymous_30)
FNDA:0,(anonymous_31)
FNDA:0,(anonymous_32)
FNDA:0,(anonymous_33)
FNDA:0,(anonymous_34)
FNDA:0,setupRetryButton
FNDA:0,(anonymous_36)
FNDA:0,setupModalBackdrops
FNDA:0,(anonymous_38)
FNDA:0,setupTabs
FNDA:0,(anonymous_40)
FNDA:0,(anonymous_41)
FNDA:0,setupTeamPlayerClicks
FNDA:0,(anonymous_43)
FNDA:0,setupFilterButtons
FNDA:0,(anonymous_45)
FNDA:0,setupPlayerRowClicks
FNDA:0,(anonymous_47)
FNDA:0,openColumnMappingModal
FNDA:0,validateCurrentMappingSelection
FNDA:0,setupColumnMappingModal
FNDA:0,(anonymous_51)
FNDA:0,(anonymous_52)
FNDA:0,(anonymous_53)
FNDA:0,(anonymous_54)
FNDA:0,openTeamsLayoutModal
FNDA:0,validateAndUpdateTeamsLayout
FNDA:0,setupTeamsLayoutModal
FNDA:0,(anonymous_58)
FNDA:0,(anonymous_59)
FNDA:0,(anonymous_60)
FNDA:0,(anonymous_61)
FNDA:0,(anonymous_62)
FNDA:0,initializeEvents
DA:13,0
DA:16,0
DA:19,0
DA:22,0
DA:25,0
DA:28,0
DA:31,0
DA:34,0
DA:37,0
DA:40,0
DA:43,0
DA:46,0
DA:49,0
DA:52,0
DA:55,0
DA:64,0
DA:65,0
DA:67,0
DA:68,0
DA:69,0
DA:71,0
DA:74,0
DA:85,0
DA:92,0
DA:93,0
DA:94,0
DA:95,0
DA:96,0
DA:97,0
DA:98,0
DA:99,0
DA:102,0
DA:103,0
DA:107,0
DA:108,0
DA:110,0
DA:111,0
DA:112,0
DA:114,0
DA:116,0
DA:117,0
DA:119,0
DA:120,0
DA:121,0
DA:123,0
DA:124,0
DA:126,0
DA:127,0
DA:128,0
DA:129,0
DA:130,0
DA:132,0
DA:133,0
DA:139,0
DA:140,0
DA:141,0
DA:142,0
DA:143,0
DA:144,0
DA:154,0
DA:155,0
DA:156,0
DA:157,0
DA:158,0
DA:159,0
DA:162,0
DA:163,0
DA:166,0
DA:167,0
DA:170,0
DA:171,0
DA:178,0
DA:179,0
DA:180,0
DA:181,0
DA:182,0
DA:183,0
DA:184,0
DA:185,0
DA:186,0
DA:187,0
DA:188,0
DA:189,0
DA:190,0
DA:191,0
DA:194,0
DA:195,0
DA:199,0
DA:200,0
DA:201,0
DA:202,0
DA:205,0
DA:206,0
DA:207,0
DA:208,0
DA:209,0
DA:210,0
DA:211,0
DA:212,0
DA:214,0
DA:215,0
DA:216,0
DA:218,0
DA:219,0
DA:220,0
DA:222,0
DA:223,0
DA:224,0
DA:226,0
DA:227,0
DA:228,0
DA:230,0
DA:231,0
DA:240,0
DA:241,0
DA:250,0
DA:252,0
DA:254,0
DA:256,0
DA:258,0
DA:269,0
DA:271,0
DA:272,0
DA:273,0
DA:274,0
DA:277,0
DA:279,0
DA:280,0
DA:281,0
DA:282,0
DA:283,0
DA:285,0
DA:286,0
DA:287,0
DA:295,0
DA:296,0
DA:297,0
DA:298,0
DA:300,0
DA:302,0
DA:304,0
DA:305,0
DA:308,0
DA:309,0
DA:317,0
DA:319,0
DA:320,0
DA:321,0
DA:322,0
DA:323,0
DA:324,0
DA:334,0
DA:335,0
DA:336,0
DA:337,0
DA:339,0
DA:340,0
DA:341,0
DA:343,0
DA:344,0
DA:345,0
DA:346,0
DA:347,0
DA:348,0
DA:349,0
DA:351,0
DA:352,0
DA:356,0
DA:359,0
DA:360,0
DA:362,0
DA:363,0
DA:366,0
DA:367,0
DA:368,0
DA:369,0
DA:370,0
DA:373,0
DA:374,0
DA:375,0
DA:376,0
DA:377,0
DA:381,0
DA:386,0
DA:387,0
DA:388,0
DA:389,0
DA:391,0
DA:392,0
DA:393,0
DA:395,0
DA:396,0
DA:397,0
DA:398,0
DA:399,0
DA:400,0
DA:401,0
DA:403,0
DA:407,0
DA:410,0
DA:411,0
DA:413,0
DA:414,0
DA:417,0
DA:418,0
DA:419,0
DA:420,0
DA:421,0
DA:424,0
DA:425,0
DA:426,0
DA:427,0
DA:428,0
DA:439,0
DA:440,0
DA:441,0
DA:442,0
DA:444,0
DA:446,0
DA:447,0
DA:448,0
DA:449,0
DA:453,0
DA:454,0
DA:455,0
DA:456,0
DA:457,0
DA:458,0
DA:459,0
DA:461,0
DA:466,0
DA:467,0
DA:476,0
DA:477,0
DA:479,0
DA:480,0
DA:481,0
DA:484,0
DA:485,0
DA:493,0
DA:494,0
DA:495,0
DA:503,0
DA:504,0
DA:505,0
DA:506,0
DA:507,0
DA:508,0
DA:509,0
DA:510,0
DA:511,0
DA:512,0
DA:513,0
DA:514,0
DA:515,0
DA:516,0
DA:517,0
DA:519,0
DA:521,0
DA:523,0
DA:526,0
DA:527,0
DA:528,0
DA:530,0
DA:531,0
DA:533,0
DA:534,0
DA:538,0
DA:539,0
DA:542,0
DA:546,0
DA:553,0
DA:554,0
DA:556,0
DA:560,0
DA:561,0
DA:562,0
DA:565,0
DA:569,0
DA:576,0
DA:580,0
DA:581,0
DA:582,0
DA:583,0
DA:584,0
DA:585,0
DA:586,0
DA:587,0
DA:588,0
DA:590,0
DA:591,0
DA:592,0
DA:594,0
DA:595,0
DA:599,0
DA:600,0
DA:602,0
DA:603,0
DA:605,0
DA:608,0
DA:611,0
DA:612,0
DA:613,0
DA:614,0
DA:616,0
DA:617,0
DA:618,0
DA:619,0
DA:626,0
DA:633,0
DA:634,0
DA:636,0
DA:640,0
DA:641,0
DA:642,0
DA:643,0
DA:644,0
DA:646,0
DA:647,0
DA:648,0
DA:653,0
DA:656,0
DA:659,0
DA:662,0
DA:664,0
DA:665,0
DA:669,0
DA:672,0
DA:673,0
DA:674,0
DA:675,0
DA:677,0
DA:682,0
DA:683,0
DA:684,0
DA:693,0
DA:694,0
DA:695,0
DA:696,0
DA:697,0
DA:698,0
DA:701,0
DA:702,0
DA:703,0
DA:704,0
DA:706,0
DA:707,0
DA:708,0
DA:711,0
DA:712,0
DA:715,0
DA:719,0
DA:720,0
DA:721,0
DA:722,0
DA:727,0
DA:730,0
DA:731,0
DA:732,0
DA:737,0
DA:738,0
DA:739,0
DA:743,0
DA:744,0
DA:745,0
DA:748,0
DA:749,0
DA:750,0
DA:751,0
DA:755,0
DA:756,0
DA:757,0
DA:758,0
DA:759,0
DA:764,0
DA:766,0
DA:767,0
DA:770,0
DA:771,0
DA:772,0
DA:780,0
DA:782,0
DA:783,0
DA:792,0
DA:793,0
DA:794,0
DA:804,0
DA:805,0
DA:807,0
DA:808,0
DA:809,0
DA:811,0
DA:812,0
DA:815,0
DA:816,0
DA:820,0
DA:821,0
DA:829,0
DA:830,0
DA:832,0
DA:833,0
DA:834,0
DA:836,0
DA:837,0
DA:838,0
DA:847,0
DA:848,0
DA:850,0
DA:851,0
DA:852,0
DA:854,0
DA:855,0
DA:857,0
DA:858,0
DA:859,0
DA:860,0
DA:864,0
DA:867,0
DA:868,0
DA:877,0
DA:878,0
DA:880,0
DA:881,0
DA:882,0
DA:884,0
DA:885,0
DA:887,0
DA:888,0
DA:907,0
DA:908,0
DA:910,0
DA:911,0
DA:918,0
DA:921,0
DA:922,0
DA:924,0
DA:925,0
DA:926,0
DA:930,0
DA:932,0
DA:933,0
DA:934,0
DA:938,0
DA:939,0
DA:940,0
DA:941,0
DA:942,0
DA:946,0
DA:954,0
DA:955,0
DA:956,0
DA:957,0
DA:960,0
DA:961,0
DA:965,0
DA:966,0
DA:967,0
DA:972,0
DA:973,0
DA:974,0
DA:979,0
DA:980,0
DA:983,0
DA:984,0
DA:985,0
DA:986,0
DA:990,0
DA:993,0
DA:994,0
DA:1012,0
DA:1013,0
DA:1014,0
DA:1016,0
DA:1017,0
DA:1024,0
DA:1025,0
DA:1027,0
DA:1029,0
DA:1030,0
DA:1031,0
DA:1032,0
DA:1033,0
DA:1034,0
DA:1035,0
DA:1036,0
DA:1038,0
DA:1046,0
DA:1047,0
DA:1048,0
DA:1049,0
DA:1050,0
DA:1053,0
DA:1054,0
DA:1055,0
DA:1059,0
DA:1060,0
DA:1061,0
DA:1065,0
DA:1066,0
DA:1067,0
DA:1068,0
DA:1073,0
DA:1074,0
DA:1078,0
DA:1079,0
DA:1080,0
DA:1081,0
DA:1082,0
DA:1100,0
DA:1101,0
DA:1102,0
DA:1103,0
DA:1104,0
DA:1105,0
DA:1106,0
DA:1108,0
DA:1109,0
DA:1110,0
DA:1111,0
DA:1112,0
DA:1113,0
DA:1114,0
DA:1115,0
DA:1116,0
DA:1117,0
DA:1118,0
LF:526
LH:0
BRDA:63,0,0,0
BRDA:65,1,0,0
BRDA:65,1,1,0
BRDA:67,2,0,0
BRDA:67,2,1,0
BRDA:68,3,0,0
BRDA:68,3,1,0
BRDA:102,4,0,0
BRDA:102,4,1,0
BRDA:108,5,0,0
BRDA:108,5,1,0
BRDA:111,6,0,0
BRDA:111,6,1,0
BRDA:114,7,0,0
BRDA:114,7,1,0
BRDA:116,8,0,0
BRDA:116,8,1,0
BRDA:119,9,0,0
BRDA:119,9,1,0
BRDA:123,10,0,0
BRDA:123,10,1,0
BRDA:126,11,0,0
BRDA:126,11,1,0
BRDA:128,12,0,0
BRDA:128,12,1,0
BRDA:132,13,0,0
BRDA:132,13,1,0
BRDA:140,14,0,0
BRDA:140,14,1,0
BRDA:140,15,0,0
BRDA:140,15,1,0
BRDA:142,16,0,0
BRDA:142,16,1,0
BRDA:162,17,0,0
BRDA:162,17,1,0
BRDA:163,18,0,0
BRDA:163,18,1,0
BRDA:166,19,0,0
BRDA:166,19,1,0
BRDA:167,20,0,0
BRDA:167,20,1,0
BRDA:170,21,0,0
BRDA:170,21,1,0
BRDA:171,22,0,0
BRDA:171,22,1,0
BRDA:194,23,0,0
BRDA:194,23,1,0
BRDA:205,24,0,0
BRDA:205,24,1,0
BRDA:206,25,0,0
BRDA:206,25,1,0
BRDA:207,26,0,0
BRDA:207,26,1,0
BRDA:208,27,0,0
BRDA:208,27,1,0
BRDA:209,28,0,0
BRDA:209,28,1,0
BRDA:210,29,0,0
BRDA:210,29,1,0
BRDA:211,30,0,0
BRDA:211,30,1,0
BRDA:212,31,0,0
BRDA:212,31,1,0
BRDA:214,32,0,0
BRDA:214,32,1,0
BRDA:218,33,0,0
BRDA:218,33,1,0
BRDA:222,34,0,0
BRDA:222,34,1,0
BRDA:226,35,0,0
BRDA:226,35,1,0
BRDA:230,36,0,0
BRDA:230,36,1,0
BRDA:241,37,0,0
BRDA:241,37,1,0
BRDA:250,38,0,0
BRDA:250,38,1,0
BRDA:250,38,2,0
BRDA:250,38,3,0
BRDA:258,39,0,0
BRDA:258,39,1,0
BRDA:271,40,0,0
BRDA:271,40,1,0
BRDA:279,41,0,0
BRDA:279,41,1,0
BRDA:281,42,0,0
BRDA:281,42,1,0
BRDA:300,43,0,0
BRDA:300,43,1,0
BRDA:302,44,0,0
BRDA:302,44,1,0
BRDA:304,45,0,0
BRDA:304,45,1,0
BRDA:308,46,0,0
BRDA:308,46,1,0
BRDA:339,47,0,0
BRDA:339,47,1,0
BRDA:343,48,0,0
BRDA:343,48,1,0
BRDA:345,49,0,0
BRDA:345,49,1,0
BRDA:346,50,0,0
BRDA:346,50,1,0
BRDA:347,51,0,0
BRDA:347,51,1,0
BRDA:356,52,0,0
BRDA:356,52,1,0
BRDA:362,53,0,0
BRDA:362,53,1,0
BRDA:367,54,0,0
BRDA:367,54,1,0
BRDA:368,55,0,0
BRDA:368,55,1,0
BRDA:374,56,0,0
BRDA:374,56,1,0
BRDA:375,57,0,0
BRDA:375,57,1,0
BRDA:376,58,0,0
BRDA:376,58,1,0
BRDA:391,59,0,0
BRDA:391,59,1,0
BRDA:395,60,0,0
BRDA:395,60,1,0
BRDA:397,61,0,0
BRDA:397,61,1,0
BRDA:398,62,0,0
BRDA:398,62,1,0
BRDA:399,63,0,0
BRDA:399,63,1,0
BRDA:407,64,0,0
BRDA:407,64,1,0
BRDA:413,65,0,0
BRDA:413,65,1,0
BRDA:418,66,0,0
BRDA:418,66,1,0
BRDA:419,67,0,0
BRDA:419,67,1,0
BRDA:425,68,0,0
BRDA:425,68,1,0
BRDA:426,69,0,0
BRDA:426,69,1,0
BRDA:427,70,0,0
BRDA:427,70,1,0
BRDA:444,71,0,0
BRDA:444,71,1,0
BRDA:444,72,0,0
BRDA:444,72,1,0
BRDA:453,73,0,0
BRDA:453,73,1,0
BRDA:453,74,0,0
BRDA:453,74,1,0
BRDA:456,75,0,0
BRDA:456,75,1,0
BRDA:475,76,0,0
BRDA:479,77,0,0
BRDA:479,77,1,0
BRDA:484,78,0,0
BRDA:484,78,1,0
BRDA:494,79,0,0
BRDA:494,79,1,0
BRDA:519,80,0,0
BRDA:519,80,1,0
BRDA:526,81,0,0
BRDA:526,81,1,0
BRDA:527,82,0,0
BRDA:527,82,1,0
BRDA:531,83,0,0
BRDA:531,83,1,0
BRDA:533,84,0,0
BRDA:533,84,1,0
BRDA:553,85,0,0
BRDA:553,85,1,0
BRDA:560,86,0,0
BRDA:560,86,1,0
BRDA:580,87,0,0
BRDA:580,87,1,0
BRDA:581,88,0,0
BRDA:581,88,1,0
BRDA:582,89,0,0
BRDA:582,89,1,0
BRDA:583,90,0,0
BRDA:583,90,1,0
BRDA:584,91,0,0
BRDA:584,91,1,0
BRDA:585,92,0,0
BRDA:585,92,1,0
BRDA:586,93,0,0
BRDA:586,93,1,0
BRDA:590,94,0,0
BRDA:590,94,1,0
BRDA:602,95,0,0
BRDA:602,95,1,0
BRDA:603,96,0,0
BRDA:603,96,1,0
BRDA:605,97,0,0
BRDA:605,97,1,0
BRDA:611,98,0,0
BRDA:611,98,1,0
BRDA:617,99,0,0
BRDA:617,99,1,0
BRDA:633,100,0,0
BRDA:633,100,1,0
BRDA:640,101,0,0
BRDA:640,101,1,0
BRDA:641,102,0,0
BRDA:641,102,1,0
BRDA:642,103,0,0
BRDA:642,103,1,0
BRDA:646,104,0,0
BRDA:646,104,1,0
BRDA:659,105,0,0
BRDA:659,105,1,0
BRDA:664,106,0,0
BRDA:664,106,1,0
BRDA:665,107,0,0
BRDA:665,107,1,0
BRDA:669,108,0,0
BRDA:669,108,1,0
BRDA:669,108,2,0
BRDA:669,108,3,0
BRDA:672,109,0,0
BRDA:672,109,1,0
BRDA:674,110,0,0
BRDA:674,110,1,0
BRDA:674,111,0,0
BRDA:674,111,1,0
BRDA:682,112,0,0
BRDA:682,112,1,0
BRDA:683,113,0,0
BRDA:683,113,1,0
BRDA:703,114,0,0
BRDA:703,114,1,0
BRDA:711,115,0,0
BRDA:711,115,1,0
BRDA:721,116,0,0
BRDA:721,116,1,0
BRDA:731,117,0,0
BRDA:731,117,1,0
BRDA:745,118,0,0
BRDA:745,118,1,0
BRDA:751,119,0,0
BRDA:751,119,1,0
BRDA:766,120,0,0
BRDA:766,120,1,0
BRDA:783,121,0,0
BRDA:783,121,1,0
BRDA:793,122,0,0
BRDA:793,122,1,0
BRDA:793,123,0,0
BRDA:793,123,1,0
BRDA:805,124,0,0
BRDA:805,124,1,0
BRDA:809,125,0,0
BRDA:809,125,1,0
BRDA:812,126,0,0
BRDA:812,126,1,0
BRDA:821,127,0,0
BRDA:821,127,1,0
BRDA:830,128,0,0
BRDA:830,128,1,0
BRDA:834,129,0,0
BRDA:834,129,1,0
BRDA:837,130,0,0
BRDA:837,130,1,0
BRDA:837,131,0,0
BRDA:837,131,1,0
BRDA:848,132,0,0
BRDA:848,132,1,0
BRDA:852,133,0,0
BRDA:852,133,1,0
BRDA:855,134,0,0
BRDA:855,134,1,0
BRDA:857,135,0,0
BRDA:857,135,1,0
BRDA:859,136,0,0
BRDA:859,136,1,0
BRDA:859,137,0,0
BRDA:859,137,1,0
BRDA:859,137,2,0
BRDA:867,138,0,0
BRDA:867,138,1,0
BRDA:878,139,0,0
BRDA:878,139,1,0
BRDA:882,140,0,0
BRDA:882,140,1,0
BRDA:885,141,0,0
BRDA:885,141,1,0
BRDA:887,142,0,0
BRDA:887,142,1,0
BRDA:924,143,0,0
BRDA:924,143,1,0
BRDA:932,144,0,0
BRDA:932,144,1,0
BRDA:938,145,0,0
BRDA:938,145,1,0
BRDA:940,146,0,0
BRDA:940,146,1,0
BRDA:966,147,0,0
BRDA:966,147,1,0
BRDA:966,148,0,0
BRDA:966,148,1,0
BRDA:973,149,0,0
BRDA:973,149,1,0
BRDA:984,150,0,0
BRDA:984,150,1,0
BRDA:993,151,0,0
BRDA:993,151,1,0
BRDA:1029,152,0,0
BRDA:1029,152,1,0
BRDA:1032,153,0,0
BRDA:1032,153,1,0
BRDA:1035,154,0,0
BRDA:1035,154,1,0
BRDA:1038,155,0,0
BRDA:1038,155,1,0
BRDA:1055,156,0,0
BRDA:1055,156,1,0
BRDA:1061,157,0,0
BRDA:1061,157,1,0
BRDA:1066,158,0,0
BRDA:1066,158,1,0
BRDA:1068,159,0,0
BRDA:1068,159,1,0
BRDA:1081,160,0,0
BRDA:1081,160,1,0
BRDA:1100,161,0,0
BRDA:1100,161,1,0
BRDA:1101,162,0,0
BRDA:1101,162,1,0
BRDA:1102,163,0,0
BRDA:1102,163,1,0
BRDA:1103,164,0,0
BRDA:1103,164,1,0
BRDA:1104,165,0,0
BRDA:1104,165,1,0
BRDA:1105,166,0,0
BRDA:1105,166,1,0
BRDA:1106,167,0,0
BRDA:1106,167,1,0
BRF:339
BRH:0
end_of_record
TN:
SF:js\ui\renderer.js
FN:44,getNicknameColumnIndex
FN:56,(anonymous_1)
FN:65,renderTableHeader
FN:72,(anonymous_3)
FN:84,getCurrentColumnMapping
FN:96,isRatingColumn
FN:112,isRoleColumn
FN:128,isHeroesColumn
FN:145,isCommentColumn
FN:159,renderCell
FN:209,normalizeRoleValue
FN:225,applyFiltersToTableData
FN:235,(anonymous_12)
FN:244,(anonymous_13)
FN:256,renderTableBody
FN:267,(anonymous_15)
FN:280,(anonymous_16)
FN:291,(anonymous_17)
FN:303,findMandatoryColumnIndices
FN:326,(anonymous_19)
FN:352,renderPlayersTable
FN:378,(anonymous_21)
FN:405,getFirstFilteredPlayer
FN:425,renderPlayerDetailsPanel
FN:502,clearPlayerDetailsPanel
FN:518,updatePlayerRowSelection
FN:520,(anonymous_26)
FN:538,getRoleDisplayName
FN:553,renderTable
FN:561,showDataDisplay
FN:574,showLoading
FN:589,showError
FN:608,updateStatusBar
FN:625,showStatusError
FN:644,formatSheetInfoHtml
FN:655,updateSheetInfo
FN:668,updateTeamsSheetInfo
FN:683,applyTheme
FN:687,(anonymous_38)
FN:696,updatePollingDisplay
FN:708,updateTabsVisibility
FN:719,updateFiltersVisibility
FN:729,updateFilterButtonStates
FN:732,(anonymous_43)
FN:747,showTab
FN:759,(anonymous_45)
FN:770,renderTeamsView
FN:809,(anonymous_47)
FN:821,createTeamCard
FN:831,(anonymous_49)
FN:832,(anonymous_50)
FN:836,(anonymous_51)
FN:850,(anonymous_52)
FN:898,getRoleBadgeLabel
FN:910,showTeamsNotConfigured
FN:929,(anonymous_55)
FN:941,renderTeamsPlayerDetailsPanel
FN:1018,clearTeamsPlayerDetailsPanel
FN:1034,updateTeamsPlayerSelection
FN:1036,(anonymous_59)
FN:1043,(anonymous_60)
FN:1059,renderColumnMappingModal
FN:1166,getColumnMappingFromModal
FN:1190,updateColumnMappingConfirmButton
FN:1217,updateColumnMappingRowStatus
FN:1262,showColumnMappingModal
FN:1272,hideColumnMappingModal
FN:1294,getColumnLabel
FN:1309,getBlockWidth
FN:1318,getBlockHeight
FN:1342,getCellType
FN:1421,renderTeamsLayoutPreview
FN:1427,(anonymous_72)
FN:1508,setTeamsLayoutParams
FN:1509,(anonymous_74)
FN:1528,getTeamsLayoutParams
FN:1529,(anonymous_76)
FN:1551,showTeamsLayoutError
FN:1564,hideTeamsLayoutError
FN:1575,setTeamsLayoutConfirmEnabled
FN:1585,showTeamsLayoutModal
FN:1595,hideTeamsLayoutModal
FN:1608,renderTeamsLayoutModal
FNF:83
FNH:0
FNDA:0,getNicknameColumnIndex
FNDA:0,(anonymous_1)
FNDA:0,renderTableHeader
FNDA:0,(anonymous_3)
FNDA:0,getCurrentColumnMapping
FNDA:0,isRatingColumn
FNDA:0,isRoleColumn
FNDA:0,isHeroesColumn
FNDA:0,isCommentColumn
FNDA:0,renderCell
FNDA:0,normalizeRoleValue
FNDA:0,applyFiltersToTableData
FNDA:0,(anonymous_12)
FNDA:0,(anonymous_13)
FNDA:0,renderTableBody
FNDA:0,(anonymous_15)
FNDA:0,(anonymous_16)
FNDA:0,(anonymous_17)
FNDA:0,findMandatoryColumnIndices
FNDA:0,(anonymous_19)
FNDA:0,renderPlayersTable
FNDA:0,(anonymous_21)
FNDA:0,getFirstFilteredPlayer
FNDA:0,renderPlayerDetailsPanel
FNDA:0,clearPlayerDetailsPanel
FNDA:0,updatePlayerRowSelection
FNDA:0,(anonymous_26)
FNDA:0,getRoleDisplayName
FNDA:0,renderTable
FNDA:0,showDataDisplay
FNDA:0,showLoading
FNDA:0,showError
FNDA:0,updateStatusBar
FNDA:0,showStatusError
FNDA:0,formatSheetInfoHtml
FNDA:0,updateSheetInfo
FNDA:0,updateTeamsSheetInfo
FNDA:0,applyTheme
FNDA:0,(anonymous_38)
FNDA:0,updatePollingDisplay
FNDA:0,updateTabsVisibility
FNDA:0,updateFiltersVisibility
FNDA:0,updateFilterButtonStates
FNDA:0,(anonymous_43)
FNDA:0,showTab
FNDA:0,(anonymous_45)
FNDA:0,renderTeamsView
FNDA:0,(anonymous_47)
FNDA:0,createTeamCard
FNDA:0,(anonymous_49)
FNDA:0,(anonymous_50)
FNDA:0,(anonymous_51)
FNDA:0,(anonymous_52)
FNDA:0,getRoleBadgeLabel
FNDA:0,showTeamsNotConfigured
FNDA:0,(anonymous_55)
FNDA:0,renderTeamsPlayerDetailsPanel
FNDA:0,clearTeamsPlayerDetailsPanel
FNDA:0,updateTeamsPlayerSelection
FNDA:0,(anonymous_59)
FNDA:0,(anonymous_60)
FNDA:0,renderColumnMappingModal
FNDA:0,getColumnMappingFromModal
FNDA:0,updateColumnMappingConfirmButton
FNDA:0,updateColumnMappingRowStatus
FNDA:0,showColumnMappingModal
FNDA:0,hideColumnMappingModal
FNDA:0,getColumnLabel
FNDA:0,getBlockWidth
FNDA:0,getBlockHeight
FNDA:0,getCellType
FNDA:0,renderTeamsLayoutPreview
FNDA:0,(anonymous_72)
FNDA:0,setTeamsLayoutParams
FNDA:0,(anonymous_74)
FNDA:0,getTeamsLayoutParams
FNDA:0,(anonymous_76)
FNDA:0,showTeamsLayoutError
FNDA:0,hideTeamsLayoutError
FNDA:0,setTeamsLayoutConfirmEnabled
FNDA:0,showTeamsLayoutModal
FNDA:0,hideTeamsLayoutModal
FNDA:0,renderTeamsLayoutModal
DA:14,0
DA:19,0
DA:29,0
DA:37,0
DA:45,0
DA:46,0
DA:47,0
DA:50,0
DA:51,0
DA:52,0
DA:56,0
DA:57,0
DA:66,0
DA:67,0
DA:69,0
DA:71,0
DA:72,0
DA:73,0
DA:74,0
DA:77,0
DA:85,0
DA:86,0
DA:87,0
DA:88,0
DA:98,0
DA:99,0
DA:100,0
DA:103,0
DA:104,0
DA:114,0
DA:115,0
DA:116,0
DA:119,0
DA:120,0
DA:130,0
DA:131,0
DA:132,0
DA:135,0
DA:136,0
DA:146,0
DA:147,0
DA:160,0
DA:163,0
DA:164,0
DA:165,0
DA:169,0
DA:170,0
DA:171,0
DA:172,0
DA:173,0
DA:174,0
DA:176,0
DA:177,0
DA:178,0
DA:180,0
DA:184,0
DA:185,0
DA:186,0
DA:187,0
DA:188,0
DA:192,0
DA:193,0
DA:194,0
DA:195,0
DA:196,0
DA:200,0
DA:201,0
DA:210,0
DA:211,0
DA:212,0
DA:213,0
DA:214,0
DA:215,0
DA:226,0
DA:229,0
DA:230,0
DA:234,0
DA:235,0
DA:238,0
DA:240,0
DA:241,0
DA:244,0
DA:245,0
DA:246,0
DA:257,0
DA:258,0
DA:261,0
DA:264,0
DA:265,0
DA:267,0
DA:268,0
DA:269,0
DA:270,0
DA:273,0
DA:276,0
DA:277,0
DA:280,0
DA:281,0
DA:282,0
DA:283,0
DA:286,0
DA:290,0
DA:291,0
DA:294,0
DA:295,0
DA:304,0
DA:307,0
DA:308,0
DA:309,0
DA:311,0
DA:312,0
DA:313,0
DA:316,0
DA:317,0
DA:318,0
DA:319,0
DA:324,0
DA:325,0
DA:326,0
DA:327,0
DA:328,0
DA:332,0
DA:334,0
DA:343,0
DA:353,0
DA:356,0
DA:357,0
DA:358,0
DA:359,0
DA:361,0
DA:362,0
DA:363,0
DA:366,0
DA:370,0
DA:371,0
DA:374,0
DA:376,0
DA:378,0
DA:379,0
DA:384,0
DA:385,0
DA:387,0
DA:388,0
DA:391,0
DA:394,0
DA:395,0
DA:406,0
DA:407,0
DA:410,0
DA:412,0
DA:414,0
DA:415,0
DA:417,0
DA:426,0
DA:427,0
DA:429,0
DA:430,0
DA:432,0
DA:435,0
DA:436,0
DA:437,0
DA:438,0
DA:439,0
DA:440,0
DA:441,0
DA:444,0
DA:447,0
DA:448,0
DA:449,0
DA:450,0
DA:451,0
DA:452,0
DA:455,0
DA:456,0
DA:457,0
DA:458,0
DA:459,0
DA:460,0
DA:461,0
DA:463,0
DA:466,0
DA:467,0
DA:468,0
DA:469,0
DA:470,0
DA:471,0
DA:472,0
DA:476,0
DA:477,0
DA:478,0
DA:480,0
DA:482,0
DA:483,0
DA:484,0
DA:486,0
DA:487,0
DA:488,0
DA:489,0
DA:492,0
DA:493,0
DA:496,0
DA:503,0
DA:504,0
DA:506,0
DA:511,0
DA:520,0
DA:521,0
DA:524,0
DA:527,0
DA:528,0
DA:529,0
DA:539,0
DA:540,0
DA:541,0
DA:542,0
DA:543,0
DA:554,0
DA:555,0
DA:562,0
DA:563,0
DA:564,0
DA:566,0
DA:567,0
DA:568,0
DA:575,0
DA:576,0
DA:577,0
DA:579,0
DA:580,0
DA:581,0
DA:590,0
DA:591,0
DA:592,0
DA:593,0
DA:594,0
DA:596,0
DA:597,0
DA:598,0
DA:599,0
DA:600,0
DA:609,0
DA:610,0
DA:612,0
DA:613,0
DA:616,0
DA:617,0
DA:626,0
DA:627,0
DA:629,0
DA:630,0
DA:632,0
DA:633,0
DA:645,0
DA:656,0
DA:657,0
DA:659,0
DA:669,0
DA:670,0
DA:672,0
DA:673,0
DA:675,0
DA:684,0
DA:687,0
DA:688,0
DA:697,0
DA:698,0
DA:700,0
DA:701,0
DA:709,0
DA:710,0
DA:711,0
DA:720,0
DA:721,0
DA:722,0
DA:730,0
DA:732,0
DA:733,0
DA:735,0
DA:736,0
DA:737,0
DA:738,0
DA:748,0
DA:749,0
DA:751,0
DA:752,0
DA:754,0
DA:755,0
DA:759,0
DA:760,0
DA:771,0
DA:772,0
DA:773,0
DA:774,0
DA:776,0
DA:779,0
DA:781,0
DA:783,0
DA:784,0
DA:785,0
DA:787,0
DA:788,0
DA:790,0
DA:791,0
DA:795,0
DA:797,0
DA:798,0
DA:799,0
DA:800,0
DA:804,0
DA:807,0
DA:809,0
DA:810,0
DA:811,0
DA:822,0
DA:825,0
DA:826,0
DA:827,0
DA:830,0
DA:831,0
DA:832,0
DA:834,0
DA:835,0
DA:836,0
DA:838,0
DA:839,0
DA:840,0
DA:841,0
DA:845,0
DA:848,0
DA:850,0
DA:851,0
DA:853,0
DA:858,0
DA:860,0
DA:861,0
DA:862,0
DA:863,0
DA:866,0
DA:867,0
DA:870,0
DA:871,0
DA:872,0
DA:875,0
DA:876,0
DA:878,0
DA:879,0
DA:881,0
DA:882,0
DA:885,0
DA:888,0
DA:890,0
DA:899,0
DA:900,0
DA:901,0
DA:902,0
DA:903,0
DA:911,0
DA:912,0
DA:914,0
DA:916,0
DA:917,0
DA:928,0
DA:929,0
DA:930,0
DA:931,0
DA:942,0
DA:943,0
DA:945,0
DA:946,0
DA:948,0
DA:951,0
DA:952,0
DA:953,0
DA:954,0
DA:955,0
DA:956,0
DA:957,0
DA:960,0
DA:963,0
DA:964,0
DA:965,0
DA:966,0
DA:967,0
DA:968,0
DA:971,0
DA:972,0
DA:973,0
DA:974,0
DA:975,0
DA:976,0
DA:977,0
DA:979,0
DA:982,0
DA:983,0
DA:984,0
DA:985,0
DA:986,0
DA:987,0
DA:988,0
DA:992,0
DA:993,0
DA:994,0
DA:996,0
DA:998,0
DA:999,0
DA:1000,0
DA:1002,0
DA:1003,0
DA:1004,0
DA:1005,0
DA:1008,0
DA:1009,0
DA:1012,0
DA:1019,0
DA:1020,0
DA:1022,0
DA:1027,0
DA:1036,0
DA:1037,0
DA:1040,0
DA:1043,0
DA:1044,0
DA:1060,0
DA:1061,0
DA:1062,0
DA:1064,0
DA:1066,0
DA:1069,0
DA:1070,0
DA:1071,0
DA:1072,0
DA:1073,0
DA:1075,0
DA:1080,0
DA:1081,0
DA:1082,0
DA:1086,0
DA:1087,0
DA:1090,0
DA:1093,0
DA:1096,0
DA:1102,0
DA:1103,0
DA:1106,0
DA:1107,0
DA:1109,0
DA:1110,0
DA:1112,0
DA:1116,0
DA:1117,0
DA:1119,0
DA:1120,0
DA:1121,0
DA:1122,0
DA:1125,0
DA:1128,0
DA:1129,0
DA:1130,0
DA:1131,0
DA:1132,0
DA:1133,0
DA:1134,0
DA:1135,0
DA:1136,0
DA:1137,0
DA:1139,0
DA:1141,0
DA:1144,0
DA:1145,0
DA:1149,0
DA:1154,0
DA:1157,0
DA:1158,0
DA:1168,0
DA:1175,0
DA:1176,0
DA:1177,0
DA:1178,0
DA:1179,0
DA:1180,0
DA:1184,0
DA:1191,0
DA:1192,0
DA:1194,0
DA:1197,0
DA:1198,0
DA:1199,0
DA:1200,0
DA:1201,0
DA:1206,0
DA:1208,0
DA:1218,0
DA:1219,0
DA:1220,0
DA:1222,0
DA:1225,0
DA:1226,0
DA:1230,0
DA:1231,0
DA:1232,0
DA:1234,0
DA:1235,0
DA:1236,0
DA:1237,0
DA:1238,0
DA:1239,0
DA:1240,0
DA:1242,0
DA:1243,0
DA:1244,0
DA:1247,0
DA:1248,0
DA:1252,0
DA:1256,0
DA:1263,0
DA:1264,0
DA:1265,0
DA:1273,0
DA:1274,0
DA:1275,0
DA:1295,0
DA:1296,0
DA:1297,0
DA:1298,0
DA:1299,0
DA:1301,0
DA:1310,0
DA:1319,0
DA:1343,0
DA:1344,0
DA:1347,0
DA:1348,0
DA:1362,0
DA:1363,0
DA:1365,0
DA:1366,0
DA:1368,0
DA:1369,0
DA:1370,0
DA:1371,0
DA:1374,0
DA:1376,0
DA:1378,0
DA:1379,0
DA:1380,0
DA:1383,0
DA:1384,0
DA:1385,0
DA:1386,0
DA:1387,0
DA:1389,0
DA:1391,0
DA:1392,0
DA:1393,0
DA:1394,0
DA:1398,0
DA:1399,0
DA:1402,0
DA:1422,0
DA:1423,0
DA:1426,0
DA:1427,0
DA:1429,0
DA:1432,0
DA:1433,0
DA:1434,0
DA:1435,0
DA:1436,0
DA:1438,0
DA:1441,0
DA:1442,0
DA:1445,0
DA:1447,0
DA:1449,0
DA:1450,0
DA:1451,0
DA:1453,0
DA:1456,0
DA:1457,0
DA:1458,0
DA:1459,0
DA:1460,0
DA:1461,0
DA:1462,0
DA:1463,0
DA:1464,0
DA:1465,0
DA:1468,0
DA:1469,0
DA:1473,0
DA:1474,0
DA:1476,0
DA:1477,0
DA:1479,0
DA:1480,0
DA:1482,0
DA:1483,0
DA:1487,0
DA:1488,0
DA:1491,0
DA:1492,0
DA:1493,0
DA:1494,0
DA:1497,0
DA:1500,0
DA:1501,0
DA:1509,0
DA:1510,0
DA:1511,0
DA:1514,0
DA:1515,0
DA:1516,0
DA:1517,0
DA:1518,0
DA:1519,0
DA:1520,0
DA:1521,0
DA:1529,0
DA:1530,0
DA:1531,0
DA:1532,0
DA:1535,0
DA:1552,0
DA:1553,0
DA:1555,0
DA:1556,0
DA:1557,0
DA:1565,0
DA:1566,0
DA:1567,0
DA:1576,0
DA:1577,0
DA:1578,0
DA:1586,0
DA:1587,0
DA:1588,0
DA:1596,0
DA:1597,0
DA:1598,0
DA:1609,0
DA:1610,0
DA:1612,0
DA:1613,0
DA:1614,0
DA:1616,0
DA:1617,0
LF:646
LH:0
BRDA:46,0,0,0
BRDA:46,0,1,0
BRDA:47,1,0,0
BRDA:47,1,1,0
BRDA:50,2,0,0
BRDA:50,2,1,0
BRDA:50,3,0,0
BRDA:50,3,1,0
BRDA:52,4,0,0
BRDA:52,4,1,0
BRDA:67,5,0,0
BRDA:67,5,1,0
BRDA:86,6,0,0
BRDA:86,6,1,0
BRDA:99,7,0,0
BRDA:99,7,1,0
BRDA:99,8,0,0
BRDA:99,8,1,0
BRDA:104,9,0,0
BRDA:104,9,1,0
BRDA:104,9,2,0
BRDA:115,10,0,0
BRDA:115,10,1,0
BRDA:115,11,0,0
BRDA:115,11,1,0
BRDA:120,12,0,0
BRDA:120,12,1,0
BRDA:131,13,0,0
BRDA:131,13,1,0
BRDA:131,14,0,0
BRDA:131,14,1,0
BRDA:136,15,0,0
BRDA:136,15,1,0
BRDA:136,15,2,0
BRDA:136,15,3,0
BRDA:136,15,4,0
BRDA:147,16,0,0
BRDA:147,16,1,0
BRDA:147,16,2,0
BRDA:147,16,3,0
BRDA:147,16,4,0
BRDA:163,17,0,0
BRDA:163,17,1,0
BRDA:169,18,0,0
BRDA:169,18,1,0
BRDA:169,19,0,0
BRDA:169,19,1,0
BRDA:172,20,0,0
BRDA:172,20,1,0
BRDA:172,21,0,0
BRDA:172,21,1,0
BRDA:177,22,0,0
BRDA:177,22,1,0
BRDA:184,23,0,0
BRDA:184,23,1,0
BRDA:184,24,0,0
BRDA:184,24,1,0
BRDA:192,25,0,0
BRDA:192,25,1,0
BRDA:192,26,0,0
BRDA:192,26,1,0
BRDA:192,26,2,0
BRDA:210,27,0,0
BRDA:210,27,1,0
BRDA:210,28,0,0
BRDA:210,28,1,0
BRDA:212,29,0,0
BRDA:212,29,1,0
BRDA:212,30,0,0
BRDA:212,30,1,0
BRDA:213,31,0,0
BRDA:213,31,1,0
BRDA:213,32,0,0
BRDA:213,32,1,0
BRDA:213,32,2,0
BRDA:213,32,3,0
BRDA:213,32,4,0
BRDA:213,32,5,0
BRDA:214,33,0,0
BRDA:214,33,1,0
BRDA:214,34,0,0
BRDA:214,34,1,0
BRDA:214,34,2,0
BRDA:214,34,3,0
BRDA:214,34,4,0
BRDA:214,34,5,0
BRDA:229,35,0,0
BRDA:229,35,1,0
BRDA:229,36,0,0
BRDA:229,36,1,0
BRDA:240,37,0,0
BRDA:240,37,1,0
BRDA:246,38,0,0
BRDA:246,38,1,0
BRDA:256,39,0,0
BRDA:258,40,0,0
BRDA:258,40,1,0
BRDA:276,41,0,0
BRDA:276,41,1,0
BRDA:276,42,0,0
BRDA:276,42,1,0
BRDA:281,43,0,0
BRDA:281,43,1,0
BRDA:308,44,0,0
BRDA:308,44,1,0
BRDA:309,45,0,0
BRDA:309,45,1,0
BRDA:316,46,0,0
BRDA:316,46,1,0
BRDA:316,47,0,0
BRDA:316,47,1,0
BRDA:318,48,0,0
BRDA:318,48,1,0
BRDA:324,49,0,0
BRDA:324,49,1,0
BRDA:327,50,0,0
BRDA:327,50,1,0
BRDA:332,51,0,0
BRDA:332,51,1,0
BRDA:337,52,0,0
BRDA:337,52,1,0
BRDA:352,53,0,0
BRDA:357,54,0,0
BRDA:357,54,1,0
BRDA:371,55,0,0
BRDA:371,55,1,0
BRDA:385,56,0,0
BRDA:385,56,1,0
BRDA:407,57,0,0
BRDA:407,57,1,0
BRDA:412,58,0,0
BRDA:412,58,1,0
BRDA:415,59,0,0
BRDA:415,59,1,0
BRDA:417,60,0,0
BRDA:417,60,1,0
BRDA:427,61,0,0
BRDA:427,61,1,0
BRDA:466,62,0,0
BRDA:466,62,1,0
BRDA:476,63,0,0
BRDA:476,63,1,0
BRDA:476,64,0,0
BRDA:476,64,1,0
BRDA:476,64,2,0
BRDA:484,65,0,0
BRDA:484,65,1,0
BRDA:484,66,0,0
BRDA:484,66,1,0
BRDA:484,66,2,0
BRDA:504,67,0,0
BRDA:504,67,1,0
BRDA:524,68,0,0
BRDA:524,68,1,0
BRDA:524,69,0,0
BRDA:524,69,1,0
BRDA:528,70,0,0
BRDA:528,70,1,0
BRDA:539,71,0,0
BRDA:539,71,1,0
BRDA:539,71,2,0
BRDA:539,71,3,0
BRDA:553,72,0,0
BRDA:566,73,0,0
BRDA:566,73,1,0
BRDA:567,74,0,0
BRDA:567,74,1,0
BRDA:568,75,0,0
BRDA:568,75,1,0
BRDA:579,76,0,0
BRDA:579,76,1,0
BRDA:580,77,0,0
BRDA:580,77,1,0
BRDA:581,78,0,0
BRDA:581,78,1,0
BRDA:589,79,0,0
BRDA:596,80,0,0
BRDA:596,80,1,0
BRDA:597,81,0,0
BRDA:597,81,1,0
BRDA:598,82,0,0
BRDA:598,82,1,0
BRDA:599,83,0,0
BRDA:599,83,1,0
BRDA:600,84,0,0
BRDA:600,84,1,0
BRDA:608,85,0,0
BRDA:612,86,0,0
BRDA:612,86,1,0
BRDA:612,87,0,0
BRDA:612,87,1,0
BRDA:616,88,0,0
BRDA:616,88,1,0
BRDA:629,89,0,0
BRDA:629,89,1,0
BRDA:632,90,0,0
BRDA:632,90,1,0
BRDA:633,91,0,0
BRDA:633,91,1,0
BRDA:657,92,0,0
BRDA:657,92,1,0
BRDA:670,93,0,0
BRDA:670,93,1,0
BRDA:672,94,0,0
BRDA:672,94,1,0
BRDA:700,95,0,0
BRDA:700,95,1,0
BRDA:701,96,0,0
BRDA:701,96,1,0
BRDA:710,97,0,0
BRDA:710,97,1,0
BRDA:721,98,0,0
BRDA:721,98,1,0
BRDA:735,99,0,0
BRDA:735,99,1,0
BRDA:737,100,0,0
BRDA:737,100,1,0
BRDA:737,101,0,0
BRDA:737,101,1,0
BRDA:737,101,2,0
BRDA:751,102,0,0
BRDA:751,102,1,0
BRDA:754,103,0,0
BRDA:754,103,1,0
BRDA:776,104,0,0
BRDA:776,104,1,0
BRDA:781,105,0,0
BRDA:781,105,1,0
BRDA:783,106,0,0
BRDA:783,106,1,0
BRDA:784,107,0,0
BRDA:784,107,1,0
BRDA:787,108,0,0
BRDA:787,108,1,0
BRDA:795,109,0,0
BRDA:795,109,1,0
BRDA:798,110,0,0
BRDA:798,110,1,0
BRDA:798,111,0,0
BRDA:798,111,1,0
BRDA:834,112,0,0
BRDA:834,112,1,0
BRDA:836,113,0,0
BRDA:836,113,1,0
BRDA:838,114,0,0
BRDA:838,114,1,0
BRDA:858,115,0,0
BRDA:858,115,1,0
BRDA:899,116,0,0
BRDA:899,116,1,0
BRDA:899,116,2,0
BRDA:899,116,3,0
BRDA:914,117,0,0
BRDA:914,117,1,0
BRDA:916,118,0,0
BRDA:916,118,1,0
BRDA:943,119,0,0
BRDA:943,119,1,0
BRDA:982,120,0,0
BRDA:982,120,1,0
BRDA:992,121,0,0
BRDA:992,121,1,0
BRDA:992,122,0,0
BRDA:992,122,1,0
BRDA:992,122,2,0
BRDA:1000,123,0,0
BRDA:1000,123,1,0
BRDA:1000,124,0,0
BRDA:1000,124,1,0
BRDA:1000,124,2,0
BRDA:1020,125,0,0
BRDA:1020,125,1,0
BRDA:1040,126,0,0
BRDA:1040,126,1,0
BRDA:1064,127,0,0
BRDA:1064,127,1,0
BRDA:1069,128,0,0
BRDA:1069,128,1,0
BRDA:1070,129,0,0
BRDA:1070,129,1,0
BRDA:1072,130,0,0
BRDA:1072,130,1,0
BRDA:1109,131,0,0
BRDA:1109,131,1,0
BRDA:1117,132,0,0
BRDA:1117,132,1,0
BRDA:1119,133,0,0
BRDA:1119,133,1,0
BRDA:1121,134,0,0
BRDA:1121,134,1,0
BRDA:1121,135,0,0
BRDA:1121,135,1,0
BRDA:1129,136,0,0
BRDA:1129,136,1,0
BRDA:1132,137,0,0
BRDA:1132,137,1,0
BRDA:1135,138,0,0
BRDA:1135,138,1,0
BRDA:1144,139,0,0
BRDA:1144,139,1,0
BRDA:1157,140,0,0
BRDA:1157,140,1,0
BRDA:1179,141,0,0
BRDA:1179,141,1,0
BRDA:1179,142,0,0
BRDA:1179,142,1,0
BRDA:1192,143,0,0
BRDA:1192,143,1,0
BRDA:1199,144,0,0
BRDA:1199,144,1,0
BRDA:1208,145,0,0
BRDA:1208,145,1,0
BRDA:1222,146,0,0
BRDA:1222,146,1,0
BRDA:1222,147,0,0
BRDA:1222,147,1,0
BRDA:1225,148,0,0
BRDA:1225,148,1,0
BRDA:1234,149,0,0
BRDA:1234,149,1,0
BRDA:1237,150,0,0
BRDA:1237,150,1,0
BRDA:1247,151,0,0
BRDA:1247,151,1,0
BRDA:1264,152,0,0
BRDA:1264,152,1,0
BRDA:1274,153,0,0
BRDA:1274,153,1,0
BRDA:1343,154,0,0
BRDA:1343,154,1,0
BRDA:1344,155,0,0
BRDA:1344,155,1,0
BRDA:1347,156,0,0
BRDA:1347,156,1,0
BRDA:1347,157,0,0
BRDA:1347,157,1,0
BRDA:1378,158,0,0
BRDA:1378,158,1,0
BRDA:1380,159,0,0
BRDA:1380,159,1,0
BRDA:1384,160,0,0
BRDA:1384,160,1,0
BRDA:1384,160,2,0
BRDA:1385,161,0,0
BRDA:1385,161,1,0
BRDA:1385,161,2,0
BRDA:1386,162,0,0
BRDA:1386,162,1,0
BRDA:1386,162,2,0
BRDA:1387,163,0,0
BRDA:1387,163,1,0
BRDA:1387,163,2,0
BRDA:1391,164,0,0
BRDA:1391,164,1,0
BRDA:1393,165,0,0
BRDA:1393,165,1,0
BRDA:1398,166,0,0
BRDA:1398,166,1,0
BRDA:1421,167,0,0
BRDA:1423,168,0,0
BRDA:1423,168,1,0
BRDA:1427,169,0,0
BRDA:1427,169,1,0
BRDA:1447,170,0,0
BRDA:1447,170,1,0
BRDA:1450,171,0,0
BRDA:1450,171,1,0
BRDA:1456,172,0,0
BRDA:1456,172,1,0
BRDA:1458,173,0,0
BRDA:1458,173,1,0
BRDA:1460,174,0,0
BRDA:1460,174,1,0
BRDA:1462,175,0,0
BRDA:1462,175,1,0
BRDA:1464,176,0,0
BRDA:1464,176,1,0
BRDA:1468,177,0,0
BRDA:1468,177,1,0
BRDA:1473,178,0,0
BRDA:1473,178,1,0
BRDA:1476,179,0,0
BRDA:1476,179,1,0
BRDA:1479,180,0,0
BRDA:1479,180,1,0
BRDA:1482,181,0,0
BRDA:1482,181,1,0
BRDA:1487,182,0,0
BRDA:1487,182,1,0
BRDA:1487,183,0,0
BRDA:1487,183,1,0
BRDA:1487,183,2,0
BRDA:1492,184,0,0
BRDA:1492,184,1,0
BRDA:1511,185,0,0
BRDA:1511,185,1,0
BRDA:1514,186,0,0
BRDA:1514,186,1,0
BRDA:1515,187,0,0
BRDA:1515,187,1,0
BRDA:1531,188,0,0
BRDA:1531,188,1,0
BRDA:1532,189,0,0
BRDA:1532,189,1,0
BRDA:1555,190,0,0
BRDA:1555,190,1,0
BRDA:1555,191,0,0
BRDA:1555,191,1,0
BRDA:1566,192,0,0
BRDA:1566,192,1,0
BRDA:1577,193,0,0
BRDA:1577,193,1,0
BRDA:1587,194,0,0
BRDA:1587,194,1,0
BRDA:1597,195,0,0
BRDA:1597,195,1,0
BRDA:1608,196,0,0
BRDA:1612,197,0,0
BRDA:1612,197,1,0
BRF:419
BRH:0
end_of_record
TN:
SF:js\utils\csv.js
FN:11,parseCSV
FN:70,toCSV
FN:71,(anonymous_2)
FN:72,(anonymous_3)
FNF:4
FNH:4
FNDA:17,parseCSV
FNDA:7,toCSV
FNDA:12,(anonymous_2)
FNDA:30,(anonymous_3)
DA:12,17
DA:13,17
DA:14,17
DA:15,17
DA:17,17
DA:18,969
DA:19,969
DA:21,969
DA:22,159
DA:23,15
DA:25,4
DA:26,4
DA:29,11
DA:32,144
DA:35,810
DA:36,11
DA:37,799
DA:38,130
DA:39,130
DA:40,669
DA:42,644
DA:43,36
DA:45,36
DA:46,36
DA:48,36
DA:49,36
DA:51,608
DA:57,17
DA:58,11
DA:59,11
DA:62,17
DA:71,7
DA:72,12
DA:74,30
DA:75,5
DA:77,25
LF:36
LH:36
BRDA:21,0,0,159
BRDA:21,0,1,810
BRDA:22,1,0,15
BRDA:22,1,1,144
BRDA:23,2,0,4
BRDA:23,2,1,11
BRDA:35,3,0,11
BRDA:35,3,1,799
BRDA:37,4,0,130
BRDA:37,4,1,669
BRDA:40,5,0,25
BRDA:40,5,1,644
BRDA:42,6,0,36
BRDA:42,6,1,608
BRDA:45,7,0,36
BRDA:45,7,1,0
BRDA:57,8,0,11
BRDA:57,8,1,6
BRDA:57,9,0,17
BRDA:57,9,1,7
BRDA:74,10,0,5
BRDA:74,10,1,25
BRDA:74,11,0,30
BRDA:74,11,1,28
BRDA:74,11,2,26
BRF:25
BRH:24
end_of_record
TN:
SF:js\utils\parser.js
FN:26,parseSheetUrl
FN:50,validateSheetUrl
FN:73,getSheetKey
FNF:3
FNH:3
FNDA:12,parseSheetUrl
FNDA:4,validateSheetUrl
FNDA:17,getSheetKey
DA:14,2
DA:15,2
DA:27,12
DA:28,4
DA:31,8
DA:32,8
DA:33,2
DA:36,6
DA:39,6
DA:40,6
DA:42,12
DA:51,4
DA:52,1
DA:55,3
DA:56,1
DA:59,2
DA:60,2
DA:61,1
DA:64,1
DA:74,17
LF:20
LH:20
BRDA:27,0,0,4
BRDA:27,0,1,8
BRDA:27,1,0,12
BRDA:27,1,1,9
BRDA:32,2,0,2
BRDA:32,2,1,6
BRDA:40,3,0,5
BRDA:40,3,1,1
BRDA:51,4,0,1
BRDA:51,4,1,3
BRDA:55,5,0,1
BRDA:55,5,1,2
BRDA:60,6,0,1
BRDA:60,6,1,1
BRF:14
BRH:14
end_of_record
TN:
SF:js\utils\polling.js
FN:19,createPollingManager
FN:24,poll
FN:39,(anonymous_2)
FN:46,(anonymous_3)
FN:54,(anonymous_4)
FN:63,(anonymous_5)
FNF:6
FNH:0
FNDA:0,createPollingManager
FNDA:0,poll
FNDA:0,(anonymous_2)
FNDA:0,(anonymous_3)
FNDA:0,(anonymous_4)
FNDA:0,(anonymous_5)
DA:20,0
DA:21,0
DA:22,0
DA:25,0
DA:27,0
DA:28,0
DA:30,0
DA:33,0
DA:34,0
DA:38,0
DA:40,0
DA:41,0
DA:43,0
DA:47,0
DA:48,0
DA:49,0
DA:50,0
DA:55,0
DA:57,0
DA:58,0
DA:59,0
DA:64,0
LF:22
LH:0
BRDA:25,0,0,0
BRDA:25,0,1,0
BRDA:33,1,0,0
BRDA:33,1,1,0
BRDA:40,2,0,0
BRDA:40,2,1,0
BRDA:48,3,0,0
BRDA:48,3,1,0
BRDA:57,4,0,0
BRDA:57,4,1,0
BRF:10
BRH:0
end_of_record
TN:
SF:js\utils\ranks.js
FN:67,getLocalTierIcon
FN:85,roundRating
FN:94,getRankFromRating
FN:138,getTierIcon
FN:148,getTierLabel
FN:149,(anonymous_5)
FN:159,getTierClass
FN:167,getAllTiers
FNF:8
FNH:7
FNDA:14,getLocalTierIcon
FNDA:20,roundRating
FNDA:17,getRankFromRating
FNDA:0,getTierIcon
FNDA:5,getTierLabel
FNDA:20,(anonymous_5)
FNDA:2,getTierClass
FNDA:2,getAllTiers
DA:36,1
DA:51,1
DA:69,14
DA:70,14
DA:71,14
DA:75,1
DA:78,1
DA:86,20
DA:95,17
DA:97,17
DA:98,3
DA:102,14
DA:105,14
DA:107,14
DA:108,60
DA:109,14
DA:110,14
DA:116,14
DA:117,14
DA:121,14
DA:123,14
DA:139,0
DA:149,20
DA:150,5
DA:151,4
DA:160,2
DA:168,2
LF:27
LH:26
BRDA:69,0,0,14
BRDA:69,0,1,0
BRDA:70,1,0,14
BRDA:70,1,1,0
BRDA:95,2,0,2
BRDA:95,2,1,15
BRDA:97,3,0,3
BRDA:97,3,1,14
BRDA:97,4,0,17
BRDA:97,4,1,15
BRDA:108,5,0,14
BRDA:108,5,1,46
BRDA:148,6,0,5
BRDA:150,7,0,1
BRDA:150,7,1,4
BRDA:151,8,0,2
BRDA:151,8,1,2
BRF:17
BRH:15
end_of_record
TN:
SF:js\validation\schema.js
FN:76,normalizeRole
FN:89,parseRating
FN:102,getCell
FN:113,isEmptyRow
FN:115,(anonymous_4)
FN:130,findRoleRows
FN:150,getBlockWidth
FN:159,getBlockHeight
FN:173,parseTeamsFromBlock
FN:239,tryAutoDetectLayout
FN:357,validateTeamsDataWithConfig
FN:442,validateTeamsData
FN:453,formatValidationErrors
FN:455,(anonymous_13)
FN:466,formatParseError
FN:475,getSchemaDocumentation
FNF:16
FNH:12
FNDA:18,normalizeRole
FNDA:0,parseRating
FNDA:81,getCell
FNDA:0,isEmptyRow
FNDA:0,(anonymous_4)
FNDA:2,findRoleRows
FNDA:6,getBlockWidth
FNDA:7,getBlockHeight
FNDA:6,parseTeamsFromBlock
FNDA:2,tryAutoDetectLayout
FNDA:7,validateTeamsDataWithConfig
FNDA:1,validateTeamsData
FNDA:2,formatValidationErrors
FNDA:2,(anonymous_13)
FNDA:1,formatParseError
FNDA:0,getSchemaDocumentation
DA:66,1
DA:77,18
DA:78,12
DA:79,12
DA:80,11
DA:81,10
DA:82,9
DA:90,0
DA:91,0
DA:92,0
DA:93,0
DA:103,81
DA:104,80
DA:105,77
DA:114,0
DA:115,0
DA:131,2
DA:132,2
DA:133,7
DA:134,7
DA:135,7
DA:136,17
DA:137,3
DA:138,3
DA:142,2
DA:151,6
DA:160,7
DA:175,6
DA:176,6
DA:177,6
DA:179,6
DA:180,10
DA:181,10
DA:184,10
DA:185,10
DA:186,24
DA:187,24
DA:188,7
DA:189,7
DA:194,10
DA:195,10
DA:196,16
DA:197,16
DA:198,16
DA:199,8
DA:200,8
DA:205,10
DA:206,2
DA:212,8
DA:214,8
DA:215,38
DA:216,38
DA:218,38
DA:219,17
DA:224,8
DA:231,6
DA:240,2
DA:241,2
DA:242,2
DA:245,2
DA:247,2
DA:248,1
DA:252,1
DA:255,1
DA:256,1
DA:257,2
DA:258,2
DA:259,2
DA:261,1
DA:262,1
DA:268,1
DA:269,1
DA:270,3
DA:271,2
DA:273,1
DA:278,1
DA:279,1
DA:280,1
DA:282,1
DA:284,1
DA:285,1
DA:287,1
DA:288,0
DA:290,0
DA:291,0
DA:292,0
DA:298,1
DA:299,1
DA:300,1
DA:302,1
DA:303,0
DA:304,0
DA:305,0
DA:306,0
DA:312,1
DA:313,1
DA:314,0
DA:316,0
DA:317,0
DA:318,0
DA:319,0
DA:320,0
DA:321,0
DA:322,0
DA:323,0
DA:324,0
DA:325,0
DA:326,0
DA:331,1
DA:341,1
DA:342,1
DA:343,1
DA:344,0
DA:345,0
DA:348,1
DA:358,7
DA:360,7
DA:362,7
DA:363,7
DA:365,7
DA:366,7
DA:368,7
DA:370,7
DA:371,1
DA:387,6
DA:391,6
DA:392,6
DA:395,7
DA:396,6
DA:399,6
DA:402,6
DA:403,6
DA:404,6
DA:406,6
DA:409,6
DA:413,6
DA:414,0
DA:425,6
DA:427,7
DA:444,1
DA:445,1
DA:446,1
DA:454,2
DA:455,1
DA:456,2
DA:457,2
DA:467,1
DA:468,1
DA:476,0
DA:477,0
DA:479,0
LF:151
LH:119
BRDA:77,0,0,6
BRDA:77,0,1,12
BRDA:77,1,0,18
BRDA:77,1,1,12
BRDA:79,2,0,1
BRDA:79,2,1,11
BRDA:80,3,0,1
BRDA:80,3,1,10
BRDA:81,4,0,1
BRDA:81,4,1,9
BRDA:90,5,0,0
BRDA:90,5,1,0
BRDA:90,6,0,0
BRDA:90,6,1,0
BRDA:92,7,0,0
BRDA:92,7,1,0
BRDA:92,8,0,0
BRDA:92,8,1,0
BRDA:92,8,2,0
BRDA:103,9,0,1
BRDA:103,9,1,80
BRDA:103,10,0,81
BRDA:103,10,1,81
BRDA:104,11,0,3
BRDA:104,11,1,77
BRDA:104,12,0,80
BRDA:104,12,1,80
BRDA:104,12,2,80
BRDA:105,13,0,77
BRDA:105,13,1,44
BRDA:114,14,0,0
BRDA:114,14,1,0
BRDA:115,15,0,0
BRDA:115,15,1,0
BRDA:130,16,0,2
BRDA:130,17,0,2
BRDA:134,18,0,0
BRDA:134,18,1,7
BRDA:136,19,0,3
BRDA:136,19,1,14
BRDA:177,20,0,6
BRDA:177,20,1,1
BRDA:187,21,0,7
BRDA:187,21,1,17
BRDA:187,22,0,24
BRDA:187,22,1,7
BRDA:198,23,0,8
BRDA:198,23,1,8
BRDA:205,24,0,2
BRDA:205,24,1,8
BRDA:218,25,0,17
BRDA:218,25,1,21
BRDA:218,26,0,38
BRDA:218,26,1,17
BRDA:225,27,0,8
BRDA:225,27,1,2
BRDA:247,28,0,1
BRDA:247,28,1,1
BRDA:257,29,0,2
BRDA:257,29,1,0
BRDA:259,30,0,1
BRDA:259,30,1,1
BRDA:259,31,0,2
BRDA:259,31,1,1
BRDA:270,32,0,2
BRDA:270,32,1,1
BRDA:270,33,0,3
BRDA:270,33,1,1
BRDA:282,34,0,1
BRDA:282,34,1,0
BRDA:284,35,0,1
BRDA:284,35,1,0
BRDA:288,36,0,0
BRDA:288,36,1,0
BRDA:290,37,0,0
BRDA:290,37,1,0
BRDA:290,38,0,0
BRDA:290,38,1,0
BRDA:290,38,2,0
BRDA:298,39,0,1
BRDA:298,39,1,0
BRDA:298,40,0,1
BRDA:298,40,1,1
BRDA:299,41,0,1
BRDA:299,41,1,0
BRDA:303,42,0,0
BRDA:303,42,1,0
BRDA:304,43,0,0
BRDA:304,43,1,0
BRDA:304,44,0,0
BRDA:304,44,1,0
BRDA:313,45,0,0
BRDA:313,45,1,1
BRDA:313,46,0,1
BRDA:313,46,1,0
BRDA:314,47,0,0
BRDA:314,47,1,0
BRDA:319,48,0,0
BRDA:319,48,1,0
BRDA:320,49,0,0
BRDA:320,49,1,0
BRDA:320,50,0,0
BRDA:320,50,1,0
BRDA:322,51,0,0
BRDA:322,51,1,0
BRDA:322,52,0,0
BRDA:322,52,1,0
BRDA:324,53,0,0
BRDA:324,53,1,0
BRDA:324,54,0,0
BRDA:324,54,1,0
BRDA:342,55,0,1
BRDA:342,55,1,0
BRDA:342,56,0,1
BRDA:342,56,1,1
BRDA:344,57,0,0
BRDA:344,57,1,0
BRDA:344,58,0,0
BRDA:344,58,1,0
BRDA:362,59,0,7
BRDA:362,59,1,1
BRDA:363,60,0,7
BRDA:363,60,1,1
BRDA:370,61,0,1
BRDA:370,61,1,6
BRDA:393,62,0,6
BRDA:393,62,1,0
BRDA:399,63,0,0
BRDA:399,63,1,6
BRDA:413,64,0,0
BRDA:413,64,1,6
BRDA:413,65,0,6
BRDA:413,65,1,0
BRDA:425,66,0,0
BRDA:425,66,1,6
BRDA:445,67,0,1
BRDA:445,67,1,0
BRDA:454,68,0,1
BRDA:454,68,1,1
BRDA:456,69,0,1
BRDA:456,69,1,1
BRDA:476,70,0,0
BRDA:476,70,1,0
BRF:143
BRH:80
end_of_record
